app/build/intermediates/manifest_merge_blame_file/debug/manifest-merger-blame-debug-report.txt
1<?xml version="1.0" encoding="utf-8"?>
2<manifest xmlns:android="http://schemas.android.com/apk/res/android"
3    package="com.example.roadresq"
4    android:versionCode="1"
5    android:versionName="1.0" >
6
7    <uses-sdk
8        android:minSdkVersion="21"
8-->src/main/AndroidManifest.xml
9        android:targetSdkVersion="28" />
9-->src/main/AndroidManifest.xml
10
11    <uses-permission android:name="android.permission.INTERNET" />
11-->src/main/AndroidManifest.xml:4:5-67
11-->src/main/AndroidManifest.xml:4:22-64
12    <uses-permission android:name="android.permission.VIBRATE" />
12-->src/main/AndroidManifest.xml:5:5-66
12-->src/main/AndroidManifest.xml:5:22-63
13    <uses-permission android:name="android.permission.ACCESS_FINE_LOCATION" />
13-->src/main/AndroidManifest.xml:6:5-79
13-->src/main/AndroidManifest.xml:6:22-76
14    <uses-permission android:name="android.permission.ACCESS_COARSE_LOCATION" />
14-->src/main/AndroidManifest.xml:7:5-81
14-->src/main/AndroidManifest.xml:7:22-78
15    <uses-permission android:name="android.permission.ACCESS_NETWORK_STATE" />
15-->src/main/AndroidManifest.xml:8:5-79
15-->src/main/AndroidManifest.xml:8:22-76
16    <uses-permission android:name="android.permission.ACCESS_WIFI_STATE" />
16-->src/main/AndroidManifest.xml:9:5-76
16-->src/main/AndroidManifest.xml:9:22-73
17    <uses-permission android:name="android.permission.ACCESS_NETWORK_STATE" />
17-->src/main/AndroidManifest.xml:8:5-79
17-->src/main/AndroidManifest.xml:8:22-76
18    <uses-permission android:name="android.permission.CALL_PHONE" />
18-->src/main/AndroidManifest.xml:11:5-69
18-->src/main/AndroidManifest.xml:11:22-66
19    <uses-permission android:name="android.permission.WAKE_LOCK" /> <!-- Required by older versions of Google Play services to create IID tokens -->
19-->[com.google.firebase:firebase-iid:20.0.0] AndroidManifest.xml:24:5-68
19-->[com.google.firebase:firebase-iid:20.0.0] AndroidManifest.xml:24:22-65
20    <uses-permission android:name="com.google.android.c2dm.permission.RECEIVE" />
20-->[com.google.firebase:firebase-iid:20.0.0] AndroidManifest.xml:26:5-82
20-->[com.google.firebase:firebase-iid:20.0.0] AndroidManifest.xml:26:22-79
21
22    <application
22-->src/main/AndroidManifest.xml:13:5-61:19
23        android:allowBackup="true"
23-->src/main/AndroidManifest.xml:14:9-35
24        android:appComponentFactory="androidx.core.app.CoreComponentFactory"
24-->[androidx.core:core:1.1.0] AndroidManifest.xml:24:18-86
25        android:debuggable="true"
26        android:icon="@mipmap/ic_launcher"
26-->src/main/AndroidManifest.xml:15:9-43
27        android:label="@string/app_name"
27-->src/main/AndroidManifest.xml:16:9-41
28        android:roundIcon="@mipmap/ic_launcher_round"
28-->src/main/AndroidManifest.xml:17:9-54
29        android:supportsRtl="true"
29-->src/main/AndroidManifest.xml:18:9-35
30        android:testOnly="true"
31        android:theme="@style/AppTheme" >
31-->src/main/AndroidManifest.xml:19:9-40
32        <activity
32-->src/main/AndroidManifest.xml:20:9-27:20
33            android:name="com.example.roadresq.StartActivityMain"
33-->src/main/AndroidManifest.xml:20:19-52
34            android:label="CovidResQ" >
34-->src/main/AndroidManifest.xml:20:53-78
35            <intent-filter>
35-->src/main/AndroidManifest.xml:22:13-26:29
36                <action android:name="android.intent.action.MAIN" />
36-->src/main/AndroidManifest.xml:23:17-69
36-->src/main/AndroidManifest.xml:23:25-66
37
38                <category android:name="android.intent.category.LAUNCHER" />
38-->src/main/AndroidManifest.xml:25:17-77
38-->src/main/AndroidManifest.xml:25:27-74
39            </intent-filter>
40        </activity>
41        <activity android:name="com.example.roadresq.Help" />
41-->src/main/AndroidManifest.xml:28:9-42
41-->src/main/AndroidManifest.xml:28:19-39
42
43        <service android:name="com.example.roadresq.FCMService" >
43-->src/main/AndroidManifest.xml:30:9-34:19
43-->src/main/AndroidManifest.xml:30:18-44
44            <intent-filter>
44-->src/main/AndroidManifest.xml:31:13-33:29
45                <action android:name="com.google.firebase.MESSAGING_EVENT" />
45-->src/main/AndroidManifest.xml:32:17-78
45-->src/main/AndroidManifest.xml:32:25-75
46            </intent-filter>
47        </service>
48
49        <activity android:name="com.example.roadresq.EmergencyActivity" />
49-->src/main/AndroidManifest.xml:36:9-55
49-->src/main/AndroidManifest.xml:36:19-52
50        <activity
50-->src/main/AndroidManifest.xml:37:9-46:20
51            android:name="com.example.roadresq.NavigationDrawer"
51-->src/main/AndroidManifest.xml:38:13-45
52            android:label="@string/title_activity_navigation_drawer"
52-->src/main/AndroidManifest.xml:39:13-69
53            android:theme="@style/AppTheme.NoActionBar" >
53-->src/main/AndroidManifest.xml:40:13-56
54            <intent-filter>
54-->src/main/AndroidManifest.xml:22:13-26:29
55                <action android:name="android.intent.action.MAIN" />
55-->src/main/AndroidManifest.xml:23:17-69
55-->src/main/AndroidManifest.xml:23:25-66
56
57                <category android:name="android.intent.category.LAUNCHER" />
57-->src/main/AndroidManifest.xml:25:17-77
57-->src/main/AndroidManifest.xml:25:27-74
58            </intent-filter>
59        </activity>
60        <activity android:name="com.example.roadresq.SignUpActivity" />
60-->src/main/AndroidManifest.xml:47:9-52
60-->src/main/AndroidManifest.xml:47:19-49
61        <activity android:name="com.example.roadresq.SignUpActivityTwo" />
61-->src/main/AndroidManifest.xml:48:9-55
61-->src/main/AndroidManifest.xml:48:19-52
62        <activity android:name="com.example.roadresq.SignInActivity" />
62-->src/main/AndroidManifest.xml:49:9-52
62-->src/main/AndroidManifest.xml:49:19-49
63        <activity android:name="com.example.roadresq.MainActivity" >
63-->src/main/AndroidManifest.xml:50:9-56:20
63-->src/main/AndroidManifest.xml:50:19-47
64            <intent-filter>
64-->src/main/AndroidManifest.xml:22:13-26:29
65                <action android:name="android.intent.action.MAIN" />
65-->src/main/AndroidManifest.xml:23:17-69
65-->src/main/AndroidManifest.xml:23:25-66
66
67                <category android:name="android.intent.category.LAUNCHER" />
67-->src/main/AndroidManifest.xml:25:17-77
67-->src/main/AndroidManifest.xml:25:27-74
68            </intent-filter>
69        </activity>
70
71        <meta-data
71-->src/main/AndroidManifest.xml:58:9-60:57
72            android:name="preloaded_fonts"
72-->src/main/AndroidManifest.xml:59:13-43
73            android:resource="@array/preloaded_fonts" />
73-->src/main/AndroidManifest.xml:60:13-54
74
75        <activity
75-->[com.google.android.gms:play-services-auth:16.0.1] AndroidManifest.xml:23:9-27:75
76            android:name="com.google.android.gms.auth.api.signin.internal.SignInHubActivity"
76-->[com.google.android.gms:play-services-auth:16.0.1] AndroidManifest.xml:24:13-93
77            android:excludeFromRecents="true"
77-->[com.google.android.gms:play-services-auth:16.0.1] AndroidManifest.xml:25:13-46
78            android:exported="false"
78-->[com.google.android.gms:play-services-auth:16.0.1] AndroidManifest.xml:26:13-37
79            android:theme="@android:style/Theme.Translucent.NoTitleBar" />
79-->[com.google.android.gms:play-services-auth:16.0.1] AndroidManifest.xml:27:13-72
80        <!--
81            Service handling Google Sign-In user revocation. For apps that do not integrate with
82            Google Sign-In, this service will never be started.
83        -->
84        <service
84-->[com.google.android.gms:play-services-auth:16.0.1] AndroidManifest.xml:33:9-36:110
85            android:name="com.google.android.gms.auth.api.signin.RevocationBoundService"
85-->[com.google.android.gms:play-services-auth:16.0.1] AndroidManifest.xml:34:13-89
86            android:exported="true"
86-->[com.google.android.gms:play-services-auth:16.0.1] AndroidManifest.xml:35:13-36
87            android:permission="com.google.android.gms.auth.api.signin.permission.REVOCATION_NOTIFICATION" />
87-->[com.google.android.gms:play-services-auth:16.0.1] AndroidManifest.xml:36:13-107
88
89        <activity
89-->[com.google.firebase:firebase-auth:19.1.0] AndroidManifest.xml:24:9-31:50
90            android:name="com.google.firebase.auth.internal.FederatedSignInActivity"
90-->[com.google.firebase:firebase-auth:19.1.0] AndroidManifest.xml:25:13-85
91            android:excludeFromRecents="true"
91-->[com.google.firebase:firebase-auth:19.1.0] AndroidManifest.xml:26:13-46
92            android:exported="true"
92-->[com.google.firebase:firebase-auth:19.1.0] AndroidManifest.xml:27:13-36
93            android:launchMode="singleTask"
93-->[com.google.firebase:firebase-auth:19.1.0] AndroidManifest.xml:28:13-44
94            android:permission="com.google.firebase.auth.api.gms.permission.LAUNCH_FEDERATED_SIGN_IN"
94-->[com.google.firebase:firebase-auth:19.1.0] AndroidManifest.xml:29:13-102
95            android:theme="@android:style/Theme.Translucent.NoTitleBar" />
95-->[com.google.firebase:firebase-auth:19.1.0] AndroidManifest.xml:30:13-72
96
97        <service
97-->[com.google.firebase:firebase-auth:19.1.0] AndroidManifest.xml:33:9-39:19
98            android:name="com.google.firebase.components.ComponentDiscoveryService"
98-->[com.google.firebase:firebase-auth:19.1.0] AndroidManifest.xml:34:13-84
99            android:directBootAware="true"
99-->[com.google.firebase:firebase-common:19.1.0] AndroidManifest.xml:14:13-43
100            android:exported="false" >
100-->[com.google.firebase:firebase-auth:19.1.0] AndroidManifest.xml:35:13-37
101            <meta-data
101-->[com.google.firebase:firebase-auth:19.1.0] AndroidManifest.xml:36:13-38:85
102                android:name="com.google.firebase.components:com.google.firebase.auth.FirebaseAuthRegistrar"
102-->[com.google.firebase:firebase-auth:19.1.0] AndroidManifest.xml:37:17-109
103                android:value="com.google.firebase.components.ComponentRegistrar" />
103-->[com.google.firebase:firebase-auth:19.1.0] AndroidManifest.xml:38:17-82
104            <meta-data
104-->[com.google.firebase:firebase-database:19.1.0] AndroidManifest.xml:32:13-34:85
105                android:name="com.google.firebase.components:com.google.firebase.database.DatabaseRegistrar"
105-->[com.google.firebase:firebase-database:19.1.0] AndroidManifest.xml:33:17-109
106                android:value="com.google.firebase.components.ComponentRegistrar" />
106-->[com.google.firebase:firebase-database:19.1.0] AndroidManifest.xml:34:17-82
107            <meta-data
107-->[com.google.firebase:firebase-iid:20.0.0] AndroidManifest.xml:32:13-34:85
108                android:name="com.google.firebase.components:com.google.firebase.iid.Registrar"
108-->[com.google.firebase:firebase-iid:20.0.0] AndroidManifest.xml:33:17-96
109                android:value="com.google.firebase.components.ComponentRegistrar" />
109-->[com.google.firebase:firebase-iid:20.0.0] AndroidManifest.xml:34:17-82
110        </service>
111        <!--
112             FirebaseMessagingService performs security checks at runtime,
113             but set to not exported to explicitly avoid allowing another app to call it.
114        -->
115        <service
115-->[com.google.firebase:firebase-messaging:20.0.0] AndroidManifest.xml:28:9-34:19
116            android:name="com.google.firebase.messaging.FirebaseMessagingService"
116-->[com.google.firebase:firebase-messaging:20.0.0] AndroidManifest.xml:29:13-82
117            android:exported="false" >
117-->[com.google.firebase:firebase-messaging:20.0.0] AndroidManifest.xml:30:13-37
118            <intent-filter android:priority="-500" >
118-->src/main/AndroidManifest.xml:31:13-33:29
119                <action android:name="com.google.firebase.MESSAGING_EVENT" />
119-->src/main/AndroidManifest.xml:32:17-78
119-->src/main/AndroidManifest.xml:32:25-75
120            </intent-filter>
121        </service>
122
123        <receiver
123-->[com.google.firebase:firebase-iid:20.0.0] AndroidManifest.xml:37:9-44:20
124            android:name="com.google.firebase.iid.FirebaseInstanceIdReceiver"
124-->[com.google.firebase:firebase-iid:20.0.0] AndroidManifest.xml:38:13-78
125            android:exported="true"
125-->[com.google.firebase:firebase-iid:20.0.0] AndroidManifest.xml:39:13-36
126            android:permission="com.google.android.c2dm.permission.SEND" >
126-->[com.google.firebase:firebase-iid:20.0.0] AndroidManifest.xml:40:13-73
127            <intent-filter>
127-->[com.google.firebase:firebase-iid:20.0.0] AndroidManifest.xml:41:13-43:29
128                <action android:name="com.google.android.c2dm.intent.RECEIVE" />
128-->[com.google.firebase:firebase-iid:20.0.0] AndroidManifest.xml:42:17-81
128-->[com.google.firebase:firebase-iid:20.0.0] AndroidManifest.xml:42:25-78
129            </intent-filter>
130        </receiver>
131
132        <activity
132-->[com.google.android.gms:play-services-base:17.1.0] AndroidManifest.xml:23:9-26:75
133            android:name="com.google.android.gms.common.api.GoogleApiActivity"
133-->[com.google.android.gms:play-services-base:17.1.0] AndroidManifest.xml:24:13-79
134            android:exported="false"
134-->[com.google.android.gms:play-services-base:17.1.0] AndroidManifest.xml:25:13-37
135            android:theme="@android:style/Theme.Translucent.NoTitleBar" />
135-->[com.google.android.gms:play-services-base:17.1.0] AndroidManifest.xml:26:13-72
136
137        <provider
137-->[com.google.firebase:firebase-common:19.1.0] AndroidManifest.xml:17:9-21:39
138            android:name="com.google.firebase.provider.FirebaseInitProvider"
138-->[com.google.firebase:firebase-common:19.1.0] AndroidManifest.xml:18:13-77
139            android:authorities="com.example.roadresq.firebaseinitprovider"
139-->[com.google.firebase:firebase-common:19.1.0] AndroidManifest.xml:19:13-72
140            android:exported="false"
140-->[com.google.firebase:firebase-common:19.1.0] AndroidManifest.xml:20:13-37
141            android:initOrder="100" />
141-->[com.google.firebase:firebase-common:19.1.0] AndroidManifest.xml:21:13-36
142
143        <meta-data
143-->[com.google.android.gms:play-services-basement:17.0.0] AndroidManifest.xml:23:9-25:69
144            android:name="com.google.android.gms.version"
144-->[com.google.android.gms:play-services-basement:17.0.0] AndroidManifest.xml:24:13-58
145            android:value="@integer/google_play_services_version" />
145-->[com.google.android.gms:play-services-basement:17.0.0] AndroidManifest.xml:25:13-66
146
147        <provider
147-->[androidx.lifecycle:lifecycle-process:2.0.0] AndroidManifest.xml:23:9-27:43
148            android:name="androidx.lifecycle.ProcessLifecycleOwnerInitializer"
148-->[androidx.lifecycle:lifecycle-process:2.0.0] AndroidManifest.xml:24:13-79
149            android:authorities="com.example.roadresq.lifecycle-process"
149-->[androidx.lifecycle:lifecycle-process:2.0.0] AndroidManifest.xml:25:13-69
150            android:exported="false"
150-->[androidx.lifecycle:lifecycle-process:2.0.0] AndroidManifest.xml:26:13-37
151            android:multiprocess="true" />
151-->[androidx.lifecycle:lifecycle-process:2.0.0] AndroidManifest.xml:27:13-40
152    </application>
153
154</manifest>